2025-10-16 11:10:41,593 - INFO - Lendo arquivo CSV: c:\python\xlsx.csv_to_sqlite\Relação completa SIADS.csv
2025-10-16 11:10:41,595 - ERROR - Erro durante a importação: Error tokenizing data. C error: Expected 6 fields in line 16, saw 7

2025-10-16 11:20:16,412 - ERROR - Erro durante a importação: cannot access local variable 'delimiter' where it is not associated with a value
2025-10-16 11:27:23,605 - INFO - Processando arquivo CSV: c:\python\xlsx.csv_to_sqlite\Relação completa SIADS.csv com delimitador ';'
2025-10-16 11:27:23,651 - ERROR - Erro durante a importação: 'utf-8' codec can't decode byte 0xc7 in position 64: invalid continuation byte
2025-10-16 11:35:26,891 - INFO - Processando arquivo CSV: c:\python\xlsx.csv_to_sqlite\Relação completa SIADS.csv com delimitador ';'
2025-10-16 11:35:26,930 - WARNING - Falha ao ler CSV com codificação utf-8: 'utf-8' codec can't decode byte 0xc7 in position 64: invalid continuation byte
2025-10-16 11:35:27,011 - INFO - Arquivo CSV lido com sucesso usando codificação latin1
2025-10-16 11:35:27,191 - INFO - Tabela patrimonios criada. Importando dados...
2025-10-16 11:35:27,192 - INFO - Importados 10000 registros...
2025-10-16 11:35:27,377 - INFO - Importados 20000 registros...
2025-10-16 11:35:27,581 - INFO - Importados 30000 registros...
2025-10-16 11:35:27,796 - INFO - Importados 40000 registros...
2025-10-16 11:35:28,014 - INFO - Importados 50000 registros...
2025-10-16 11:35:28,083 - INFO - Importados 52648 registros...
2025-10-16 11:35:28,084 - INFO - Criando indices...
2025-10-16 11:35:28,084 - ERROR - Erro durante a importação: no such column: codigo
2025-10-16 11:39:52,774 - INFO - Processando arquivo CSV: c:\python\xlsx.csv_to_sqlite\Relação completa SIADS.csv com delimitador ';'
2025-10-16 11:39:52,813 - WARNING - Falha ao ler CSV com codificação utf-8: 'utf-8' codec can't decode byte 0xc7 in position 64: invalid continuation byte
2025-10-16 11:39:52,890 - INFO - Arquivo CSV lido com sucesso usando codificação latin1
2025-10-16 11:39:53,097 - INFO - Tabela patrimonios criada. Importando dados...
2025-10-16 11:39:53,097 - INFO - Importados 10000 registros...
2025-10-16 11:39:53,322 - INFO - Importados 20000 registros...
2025-10-16 11:39:53,491 - INFO - Importados 30000 registros...
2025-10-16 11:39:53,659 - INFO - Importados 40000 registros...
2025-10-16 11:39:53,837 - INFO - Importados 50000 registros...
2025-10-16 11:39:53,902 - INFO - Importados 52648 registros...
2025-10-16 11:39:53,903 - INFO - Criando indices...
2025-10-16 11:39:53,911 - WARNING - Aviso: Índice FTS não criado: no such column: T.descricao_upper
2025-10-16 11:39:53,911 - INFO - Usando índice convencional para texto
2025-10-16 11:39:53,912 - ERROR - Erro durante a importação: no such column: descricao_upper
2025-10-16 11:41:47,621 - INFO - Processando arquivo CSV: c:\python\xlsx.csv_to_sqlite\Relação completa SIADS.csv com delimitador ';'
2025-10-16 11:41:47,661 - WARNING - Falha ao ler CSV com codificação utf-8: 'utf-8' codec can't decode byte 0xc7 in position 64: invalid continuation byte
2025-10-16 11:41:47,738 - INFO - Arquivo CSV lido com sucesso usando codificação latin1
2025-10-16 11:41:47,956 - INFO - Tabela patrimonios criada. Importando dados...
2025-10-16 11:41:47,957 - INFO - Importados 10000 registros...
2025-10-16 11:41:48,175 - INFO - Importados 20000 registros...
2025-10-16 11:41:48,360 - INFO - Importados 30000 registros...
2025-10-16 11:41:48,534 - INFO - Importados 40000 registros...
2025-10-16 11:41:48,735 - INFO - Importados 50000 registros...
2025-10-16 11:41:48,801 - INFO - Importados 52648 registros...
2025-10-16 11:41:48,802 - INFO - Criando indices...
2025-10-16 11:41:48,804 - ERROR - Erro durante a importação: no such column: T.descricao_upper
2025-10-16 11:45:56,431 - INFO - Processando arquivo CSV: c:\python\xlsx.csv_to_sqlite\Relação completa SIADS.csv com delimitador ';'
2025-10-16 11:45:56,470 - WARNING - Falha ao ler CSV com codificação utf-8: 'utf-8' codec can't decode byte 0xc7 in position 64: invalid continuation byte
2025-10-16 11:45:56,548 - INFO - Arquivo CSV lido com sucesso usando codificação latin1
2025-10-16 11:45:56,759 - INFO - Tabela patrimonios criada. Importando dados...
2025-10-16 11:45:56,759 - INFO - Importados 10000 registros...
2025-10-16 11:45:56,940 - INFO - Importados 20000 registros...
2025-10-16 11:45:57,107 - INFO - Importados 30000 registros...
2025-10-16 11:45:57,275 - INFO - Importados 40000 registros...
2025-10-16 11:45:57,450 - INFO - Importados 50000 registros...
2025-10-16 11:45:57,513 - INFO - Importados 52648 registros...
2025-10-16 11:45:57,513 - INFO - Criando indices...
2025-10-16 11:45:57,514 - INFO - Colunas disponíveis na tabela: orgao, unidade, gestao, uorg, conta_contabil, numero_patrimonial_antigo, numero_patrimonial, data_tombamento, codigo_material, nome_material, descricao_complementar, marca, modelo, serie, fabricante, processo, codigo_terceiros, valor_inicial_bem, valor_bem, valor_depreciado, valor_liquido, valor_doacao_venda, codigo_tipo_bem, nome_tipo_bem, codigo_situacao, nome_situacao, codigo_destinacao, nome_destinacao, cpf_responsavel, nome_responsavel, cpf_responsavel_uorg, nome_responsavel_uorg, updated_at
2025-10-16 11:45:57,514 - WARNING - Coluna 'descricao_upper' não encontrada. Verificando 'descricao'...
2025-10-16 11:45:57,514 - WARNING - Nenhuma coluna de descrição encontrada. Índice de texto não criado.
2025-10-16 11:46:40,737 - INFO - Processando arquivo CSV: c:\python\xlsx.csv_to_sqlite\Relação completa SIADS.csv com delimitador ';'
2025-10-16 11:46:40,778 - WARNING - Falha ao ler CSV com codificação utf-8: 'utf-8' codec can't decode byte 0xc7 in position 64: invalid continuation byte
2025-10-16 11:46:40,855 - INFO - Arquivo CSV lido com sucesso usando codificação latin1
2025-10-16 11:46:41,067 - INFO - Tabela patrimonios criada. Importando dados...
2025-10-16 11:46:41,068 - INFO - Importados 10000 registros...
2025-10-16 11:46:41,248 - INFO - Importados 20000 registros...
2025-10-16 11:46:41,418 - INFO - Importados 30000 registros...
2025-10-16 11:46:41,587 - INFO - Importados 40000 registros...
2025-10-16 11:46:41,762 - INFO - Importados 50000 registros...
2025-10-16 11:46:41,824 - INFO - Importados 52648 registros...
2025-10-16 11:46:41,825 - INFO - Criando indices...
2025-10-16 11:46:41,825 - INFO - Colunas disponíveis na tabela: orgao, unidade, gestao, uorg, conta_contabil, numero_patrimonial_antigo, numero_patrimonial, data_tombamento, codigo_material, nome_material, descricao_complementar, marca, modelo, serie, fabricante, processo, codigo_terceiros, valor_inicial_bem, valor_bem, valor_depreciado, valor_liquido, valor_doacao_venda, codigo_tipo_bem, nome_tipo_bem, codigo_situacao, nome_situacao, codigo_destinacao, nome_destinacao, cpf_responsavel, nome_responsavel, cpf_responsavel_uorg, nome_responsavel_uorg, updated_at
2025-10-16 11:46:41,826 - WARNING - Coluna 'descricao_upper' não encontrada. Verificando 'descricao'...
2025-10-16 11:46:41,826 - WARNING - Nenhuma coluna de descrição encontrada. Índice de texto não criado.
2025-10-16 11:53:04,500 - INFO - Processando arquivo CSV: c:\python\xlsx.csv_to_sqlite\Relação completa SIADS.csv com delimitador ';'
2025-10-16 11:53:04,544 - WARNING - Falha ao ler CSV com codificação utf-8: 'utf-8' codec can't decode byte 0xc7 in position 64: invalid continuation byte
2025-10-16 11:53:04,618 - INFO - Arquivo CSV lido com sucesso usando codificação latin1
2025-10-16 11:53:04,830 - INFO - Tabela 'patrimonios' criada e dados inseridos (primeiro chunk).
2025-10-16 11:53:04,831 - INFO - Linhas inseridas neste chunk: 10000
2025-10-16 11:53:05,001 - INFO - Chunk 2 inserido na tabela 'patrimonios'.
2025-10-16 11:53:05,002 - INFO - Linhas inseridas neste chunk: 10000
2025-10-16 11:53:05,177 - INFO - Chunk 3 inserido na tabela 'patrimonios'.
2025-10-16 11:53:05,178 - INFO - Linhas inseridas neste chunk: 10000
2025-10-16 11:53:05,360 - INFO - Chunk 4 inserido na tabela 'patrimonios'.
2025-10-16 11:53:05,361 - INFO - Linhas inseridas neste chunk: 10000
2025-10-16 11:53:05,543 - INFO - Chunk 5 inserido na tabela 'patrimonios'.
2025-10-16 11:53:05,543 - INFO - Linhas inseridas neste chunk: 10000
2025-10-16 11:53:05,608 - INFO - Chunk 6 inserido na tabela 'patrimonios'.
2025-10-16 11:53:05,608 - INFO - Linhas inseridas neste chunk: 2648
2025-10-16 11:53:05,609 - INFO - Criando índices para otimizar consultas...
2025-10-16 11:53:05,610 - INFO - Colunas na tabela: orgao, unidade, gestao, uorg, conta_contabil, numero_patrimonial_antigo, numero_patrimonial, data_tombamento, codigo_material, nome_material, descricao_complementar, marca, modelo, serie, fabricante, processo, codigo_terceiros, valor_inicial_bem, valor_bem, valor_depreciado, valor_liquido, valor_doacao_venda, codigo_tipo_bem, nome_tipo_bem, codigo_situacao, nome_situacao, codigo_destinacao, nome_destinacao, cpf_responsavel, nome_responsavel, cpf_responsavel_uorg, nome_responsavel_uorg, updated_at
2025-10-16 11:53:05,610 - WARNING - Coluna 'codigo' não encontrada. Índice não criado.
2025-10-16 11:54:40,223 - INFO - Processando arquivo CSV: c:\python\xlsx.csv_to_sqlite\Relação completa SIADS.csv com delimitador ';'
2025-10-16 11:54:40,268 - WARNING - Falha ao ler CSV com codificação utf-8: 'utf-8' codec can't decode byte 0xc7 in position 64: invalid continuation byte
2025-10-16 11:54:40,356 - INFO - Arquivo CSV lido com sucesso usando codificação latin1
2025-10-16 11:54:40,430 - ERROR - Erro durante a importação: object of type 'NoneType' has no len()
2025-10-16 11:56:18,812 - INFO - Processando arquivo CSV: c:\python\xlsx.csv_to_sqlite\Relação completa SIADS.csv com delimitador ';'
2025-10-16 11:56:18,852 - WARNING - Falha ao ler CSV com codificação utf-8: 'utf-8' codec can't decode byte 0xc7 in position 64: invalid continuation byte
2025-10-16 11:56:18,930 - INFO - Arquivo CSV lido com sucesso usando codificação latin1
2025-10-16 11:56:19,105 - INFO - Tabela 'abacate' criada e dados inseridos (primeiro chunk).
2025-10-16 11:56:19,106 - INFO - Linhas inseridas neste chunk: 10000
2025-10-16 11:56:19,289 - INFO - Chunk 2 inserido na tabela 'abacate'.
2025-10-16 11:56:19,289 - INFO - Linhas inseridas neste chunk: 10000
2025-10-16 11:56:19,468 - INFO - Chunk 3 inserido na tabela 'abacate'.
2025-10-16 11:56:19,468 - INFO - Linhas inseridas neste chunk: 10000
2025-10-16 11:56:19,650 - INFO - Chunk 4 inserido na tabela 'abacate'.
2025-10-16 11:56:19,651 - INFO - Linhas inseridas neste chunk: 10000
2025-10-16 11:56:19,869 - INFO - Chunk 5 inserido na tabela 'abacate'.
2025-10-16 11:56:19,869 - INFO - Linhas inseridas neste chunk: 10000
2025-10-16 11:56:19,934 - INFO - Chunk 6 inserido na tabela 'abacate'.
2025-10-16 11:56:19,935 - INFO - Linhas inseridas neste chunk: 2648
2025-10-16 11:56:19,935 - INFO - Criando índices para otimizar consultas...
2025-10-16 11:56:19,935 - INFO - Colunas na tabela: orgao, unidade, gestao, uorg, conta_contabil, numero_patrimonial_antigo, numero_patrimonial, data_tombamento, codigo_material, nome_material, descricao_complementar, marca, modelo, serie, fabricante, processo, codigo_terceiros, valor_inicial_bem, valor_bem, valor_depreciado, valor_liquido, valor_doacao_venda, codigo_tipo_bem, nome_tipo_bem, codigo_situacao, nome_situacao, codigo_destinacao, nome_destinacao, cpf_responsavel, nome_responsavel, cpf_responsavel_uorg, nome_responsavel_uorg, updated_at
2025-10-16 11:56:19,936 - WARNING - Coluna 'codigo' não encontrada. Índice não criado.
